2023-09-21T11:44:56.950Z - [INFO   ] : Blog Article Updated Successfully!
2023-09-21T11:46:38.162Z - [INFO   ] : User logged out successfully!
2023-09-21T11:47:56.220Z - [INFO   ] : New Blog Article Created Successfully!
2023-09-21T11:49:59.260Z - [INFO   ] : Blog Article Deleted Successfully!
2023-09-21T11:50:06.398Z - [INFO   ] : User logged out successfully!
2023-09-21T13:52:43.324Z - [INFO   ] : New Blog Article Created Successfully!
2023-09-21T13:56:16.322Z - [INFO   ] : New Blog Article Created Successfully!
2023-09-21T14:01:17.736Z - [INFO   ] : New Blog Article Created Successfully!
2023-09-21T14:13:15.502Z - [INFO   ] : file: 
2023-09-21T14:13:15.504Z - [INFO   ] : New Blog Article Created Successfully!
2023-09-21T14:40:10.472Z - [INFO   ] : Blog Article Deleted Successfully!
2023-09-21T14:40:11.475Z - [INFO   ] : Blog Article Deleted Successfully!
2023-09-21T14:40:12.262Z - [INFO   ] : Blog Article Deleted Successfully!
2023-09-21T14:40:25.421Z - [INFO   ] : file: 
2023-09-21T14:40:25.422Z - [INFO   ] : New Blog Article Created Successfully!
2023-09-21T14:55:54.223Z - [INFO   ] : Blog Article Deleted Successfully!
2023-09-21T14:56:05.833Z - [INFO   ] : file: 
2023-09-21T14:56:05.836Z - [INFO   ] : New Blog Article Created Successfully!
2023-09-21T14:59:21.364Z - [INFO   ] : file: 
2023-09-21T14:59:21.366Z - [INFO   ] : New Blog Article Created Successfully!
2023-09-21T15:20:25.977Z - [INFO   ] : New Blog Article Created Successfully!
2023-09-21T15:28:11.294Z - [INFO   ] : New Blog Article Created Successfully!
2023-09-21T15:28:27.806Z - [INFO   ] : Blog Article Deleted Successfully!
2023-09-21T15:28:29.904Z - [INFO   ] : Blog Article Deleted Successfully!
2023-09-21T15:28:32.353Z - [INFO   ] : Blog Article Deleted Successfully!
2023-09-21T15:29:23.382Z - [INFO   ] : New Blog Article Created Successfully!
2023-09-21T15:31:07.808Z - [INFO   ] : User logged out successfully!
2023-09-21T15:33:09.388Z - [INFO   ] : New Blog Article Created Successfully!
2023-09-21T15:33:30.907Z - [INFO   ] : Blog Article Deleted Successfully!
2023-09-21T15:37:28.590Z - [INFO   ] : User logged out successfully!
